solution.cpp: In member function 'std::vector<std::vector<int> > Solution::findLeaves(TreeNode*)':
solution.cpp:53:35: error: conversion from 'std::nullptr_t' to non-scalar type 'TreeNode' requested
         TreeNode* p = root, tmp = nullptr;
                                   ^
solution.cpp:55:9: error: 'stack' was not declared in this scope
         stack<TreeNode*> s;
         ^
solution.cpp:55:23: error: expected primary-expression before '*' token
         stack<TreeNode*> s;
                       ^
solution.cpp:55:24: error: expected primary-expression before '>' token
         stack<TreeNode*> s;
                        ^
solution.cpp:55:26: error: 's' was not declared in this scope
         stack<TreeNode*> s;
                          ^
solution.cpp:63:28: error: base operand of '->' has non-pointer type 'TreeNode'
                     if (tmp->right && tmp->right != lastNodeVisited) {
                            ^
solution.cpp:63:42: error: base operand of '->' has non-pointer type 'TreeNode'
                     if (tmp->right && tmp->right != lastNodeVisited) {
                                          ^
solution.cpp:64:32: error: base operand of '->' has non-pointer type 'TreeNode'
                         p = tmp->right;
                                ^
solution.cpp:67:43: error: base operand of '->' has non-pointer type 'TreeNode'
                         leaf.push_back(tmp->val);
                                           ^
solution.cpp:70:33: error: no match for 'operator==' (operand types are 'TreeNode' and 'TreeNode*')
                         if (tmp == parent->left)
                                 ^
solution.cpp:70:33: note: candidates are:
In file included from /usr/include/c++/4.9/iosfwd:40:0,
                 from /usr/include/c++/4.9/ios:38,
                 from /usr/include/c++/4.9/ostream:38,
                 from /usr/include/c++/4.9/iostream:39,
                 from solution.cpp:30:
/usr/include/c++/4.9/bits/postypes.h:216:5: note: template<class _StateT> bool std::operator==(const std::fpos<_StateT>&, const std::fpos<_StateT>&)
     operator==(const fpos<_StateT>& __lhs, const fpos<_StateT>& __rhs)
     ^
/usr/include/c++/4.9/bits/postypes.h:216:5: note:   template argument deduction/substitution failed:
solution.cpp:70:44: note:   'TreeNode' is not derived from 'const std::fpos<_StateT>'
                         if (tmp == parent->left)
                                            ^
In file included from /usr/include/c++/4.9/bits/stl_algobase.h:64:0,
                 from /usr/include/c++/4.9/bits/char_traits.h:39,
                 from /usr/include/c++/4.9/ios:40,
                 from /usr/include/c++/4.9/ostream:38,
                 from /usr/include/c++/4.9/iostream:39,
                 from solution.cpp:30:
/usr/include/c++/4.9/bits/stl_pair.h:214:5: note: template<class _T1, class _T2> constexpr bool std::operator==(const std::pair<_T1, _T2>&, const std::pair<_T1, _T2>&)
     operator==(const pair<_T1, _T2>& __x, const pair<_T1, _T2>& __y)
     ^
/usr/include/c++/4.9/bits/stl_pair.h:214:5: note:   template argument deduction/substitution failed:
solution.cpp:70:44: note:   'TreeNode' is not derived from 'const std::pair<_T1, _T2>'
                         if (tmp == parent->left)
                                            ^
In file included from /usr/include/c++/4.9/bits/stl_algobase.h:67:0,
                 from /usr/include/c++/4.9/bits/char_traits.h:39,
                 from /usr/include/c++/4.9/ios:40,
                 from /usr/include/c++/4.9/ostream:38,
                 from /usr/include/c++/4.9/iostream:39,
                 from solution.cpp:30:
/usr/include/c++/4.9/bits/stl_iterator.h:292:5: note: template<class _Iterator> bool std::operator==(const std::reverse_iterator<_Iterator>&, const std::reverse_iterator<_Iterator>&)
     operator==(const reverse_iterator<_Iterator>& __x,
     ^
/usr/include/c++/4.9/bits/stl_iterator.h:292:5: note:   template argument deduction/substitution failed:
solution.cpp:70:44: note:   'TreeNode' is not derived from 'const std::reverse_iterator<_Iterator>'
                         if (tmp == parent->left)
                                            ^
In file included from /usr/include/c++/4.9/bits/stl_algobase.h:67:0,
                 from /usr/include/c++/4.9/bits/char_traits.h:39,
                 from /usr/include/c++/4.9/ios:40,
                 from /usr/include/c++/4.9/ostream:38,
                 from /usr/include/c++/4.9/iostream:39,
                 from solution.cpp:30:
/usr/include/c++/4.9/bits/stl_iterator.h:342:5: note: template<class _IteratorL, class _IteratorR> bool std::operator==(const std::reverse_iterator<_Iterator>&, const std::reverse_iterator<_IteratorR>&)
     operator==(const reverse_iterator<_IteratorL>& __x,
     ^
/usr/include/c++/4.9/bits/stl_iterator.h:342:5: note:   template argument deduction/substitution failed:
solution.cpp:70:44: note:   'TreeNode' is not derived from 'const std::reverse_iterator<_Iterator>'
                         if (tmp == parent->left)
                                            ^
In file included from /usr/include/c++/4.9/bits/stl_algobase.h:67:0,
                 from /usr/include/c++/4.9/bits/char_traits.h:39,
                 from /usr/include/c++/4.9/ios:40,
                 from /usr/include/c++/4.9/ostream:38,
                 from /usr/include/c++/4.9/iostream:39,
                 from solution.cpp:30:
/usr/include/c++/4.9/bits/stl_iterator.h:1048:5: note: template<class _IteratorL, class _IteratorR> bool std::operator==(const std::move_iterator<_Iterator>&, const std::move_iterator<_IteratorR>&)
     operator==(const move_iterator<_IteratorL>& __x,
     ^
/usr/include/c++/4.9/bits/stl_iterator.h:1048:5: note:   template argument deduction/substitution failed:
solution.cpp:70:44: note:   'TreeNode' is not derived from 'const std::move_iterator<_Iterator>'
                         if (tmp == parent->left)
                                            ^
In file included from /usr/include/c++/4.9/bits/stl_algobase.h:67:0,
                 from /usr/include/c++/4.9/bits/char_traits.h:39,
                 from /usr/include/c++/4.9/ios:40,
                 from /usr/include/c++/4.9/ostream:38,
                 from /usr/include/c++/4.9/iostream:39,
                 from solution.cpp:30:
/usr/include/c++/4.9/bits/stl_iterator.h:1054:5: note: template<class _Iterator> bool std::operator==(const std::move_iterator<_Iterator>&, const std::move_iterator<_Iterator>&)
     operator==(const move_iterator<_Iterator>& __x,
     ^
/usr/include/c++/4.9/bits/stl_iterator.h:1054:5: note:   template argument deduction/substitution failed:
solution.cpp:70:44: note:   'TreeNode' is not derived from 'const std::move_iterator<_Iterator>'
                         if (tmp == parent->left)
                                            ^
In file included from /usr/include/c++/4.9/string:41:0,
                 from /usr/include/c++/4.9/bits/locale_classes.h:40,
                 from /usr/include/c++/4.9/bits/ios_base.h:41,
                 from /usr/include/c++/4.9/ios:42,
                 from /usr/include/c++/4.9/ostream:38,
                 from /usr/include/c++/4.9/iostream:39,
                 from solution.cpp:30:
/usr/include/c++/4.9/bits/allocator.h:128:5: note: template<class _T1, class _T2> bool std::operator==(const std::allocator<_CharT>&, const std::allocator<_T2>&)
     operator==(const allocator<_T1>&, const allocator<_T2>&)
     ^
/usr/include/c++/4.9/bits/allocator.h:128:5: note:   template argument deduction/substitution failed:
solution.cpp:70:44: note:   'TreeNode' is not derived from 'const std::allocator<_CharT>'
                         if (tmp == parent->left)
                                            ^
In file included from /usr/include/c++/4.9/string:41:0,
                 from /usr/include/c++/4.9/bits/locale_classes.h:40,
                 from /usr/include/c++/4.9/bits/ios_base.h:41,
                 from /usr/include/c++/4.9/ios:42,
                 from /usr/include/c++/4.9/ostream:38,
                 from /usr/include/c++/4.9/iostream:39,
                 from solution.cpp:30:
/usr/include/c++/4.9/bits/allocator.h:133:5: note: template<class _Tp> bool std::operator==(const std::allocator<_CharT>&, const std::allocator<_CharT>&)
     operator==(const allocator<_Tp>&, const allocator<_Tp>&)
     ^
/usr/include/c++/4.9/bits/allocator.h:133:5: note:   template argument deduction/substitution failed:
solution.cpp:70:44: note:   'TreeNode' is not derived from 'const std::allocator<_CharT>'
                         if (tmp == parent->left)
                                            ^
In file included from /usr/include/c++/4.9/string:52:0,
                 from /usr/include/c++/4.9/bits/locale_classes.h:40,
                 from /usr/include/c++/4.9/bits/ios_base.h:41,
                 from /usr/include/c++/4.9/ios:42,
                 from /usr/include/c++/4.9/ostream:38,
                 from /usr/include/c++/4.9/iostream:39,
                 from solution.cpp:30:
/usr/include/c++/4.9/bits/basic_string.h:2505:5: note: template<class _CharT, class _Traits, class _Alloc> bool std::operator==(const std::basic_string<_CharT, _Traits, _Alloc>&, const std::basic_string<_CharT, _Traits, _Alloc>&)
     operator==(const basic_string<_CharT, _Traits, _Alloc>& __lhs,
     ^
/usr/include/c++/4.9/bits/basic_string.h:2505:5: note:   template argument deduction/substitution failed:
solution.cpp:70:44: note:   'TreeNode' is not derived from 'const std::basic_string<_CharT, _Traits, _Alloc>'
                         if (tmp == parent->left)
                                            ^
In file included from /usr/include/c++/4.9/string:52:0,
                 from /usr/include/c++/4.9/bits/locale_classes.h:40,
                 from /usr/include/c++/4.9/bits/ios_base.h:41,
                 from /usr/include/c++/4.9/ios:42,
                 from /usr/include/c++/4.9/ostream:38,
                 from /usr/include/c++/4.9/iostream:39,
                 from solution.cpp:30:
/usr/include/c++/4.9/bits/basic_string.h:2512:5: note: template<class _CharT> typename __gnu_cxx::__enable_if<std::__is_char<_Tp>::__value, bool>::__type std::operator==(const std::basic_string<_CharT>&, const std::basic_string<_CharT>&)
     operator==(const basic_string<_CharT>& __lhs,
     ^
/usr/include/c++/4.9/bits/basic_string.h:2512:5: note:   template argument deduction/substitution failed:
solution.cpp:70:44: note:   'TreeNode' is not derived from 'const std::basic_string<_CharT>'
                         if (tmp == parent->left)
                                            ^
In file included from /usr/include/c++/4.9/string:52:0,
                 from /usr/include/c++/4.9/bits/locale_classes.h:40,
                 from /usr/include/c++/4.9/bits/ios_base.h:41,
                 from /usr/include/c++/4.9/ios:42,
                 from /usr/include/c++/4.9/ostream:38,
                 from /usr/include/c++/4.9/iostream:39,
                 from solution.cpp:30:
/usr/include/c++/4.9/bits/basic_string.h:2526:5: note: template<class _CharT, class _Traits, class _Alloc> bool std::operator==(const _CharT*, const std::basic_string<_CharT, _Traits, _Alloc>&)
     operator==(const _CharT* __lhs,
     ^
/usr/include/c++/4.9/bits/basic_string.h:2526:5: note:   template argument deduction/substitution failed:
solution.cpp:70:44: note:   mismatched types 'const _CharT*' and 'TreeNode'
                         if (tmp == parent->left)
                                            ^
In file included from /usr/include/c++/4.9/string:52:0,
                 from /usr/include/c++/4.9/bits/locale_classes.h:40,
                 from /usr/include/c++/4.9/bits/ios_base.h:41,
                 from /usr/include/c++/4.9/ios:42,
                 from /usr/include/c++/4.9/ostream:38,
                 from /usr/include/c++/4.9/iostream:39,
                 from solution.cpp:30:
/usr/include/c++/4.9/bits/basic_string.h:2538:5: note: template<class _CharT, class _Traits, class _Alloc> bool std::operator==(const std::basic_string<_CharT, _Traits, _Alloc>&, const _CharT*)
     operator==(const basic_string<_CharT, _Traits, _Alloc>& __lhs,
     ^
/usr/include/c++/4.9/bits/basic_string.h:2538:5: note:   template argument deduction/substitution failed:
solution.cpp:70:44: note:   'TreeNode' is not derived from 'const std::basic_string<_CharT, _Traits, _Alloc>'
                         if (tmp == parent->left)
                                            ^
In file included from /usr/include/c++/4.9/bits/locale_facets.h:48:0,
                 from /usr/include/c++/4.9/bits/basic_ios.h:37,
                 from /usr/include/c++/4.9/ios:44,
                 from /usr/include/c++/4.9/ostream:38,
                 from /usr/include/c++/4.9/iostream:39,
                 from solution.cpp:30:
/usr/include/c++/4.9/bits/streambuf_iterator.h:204:5: note: template<class _CharT, class _Traits> bool std::operator==(const std::istreambuf_iterator<_CharT, _Traits>&, const std::istreambuf_iterator<_CharT, _Traits>&)
     operator==(const istreambuf_iterator<_CharT, _Traits>& __a,
     ^
/usr/include/c++/4.9/bits/streambuf_iterator.h:204:5: note:   template argument deduction/substitution failed:
solution.cpp:70:44: note:   'TreeNode' is not derived from 'const std::istreambuf_iterator<_CharT, _Traits>'
                         if (tmp == parent->left)
                                            ^
In file included from /usr/include/c++/4.9/vector:64:0,
                 from solution.cpp:31:
/usr/include/c++/4.9/bits/stl_vector.h:1511:5: note: template<class _Tp, class _Alloc> bool std::operator==(const std::vector<_Tp, _Alloc>&, const std::vector<_Tp, _Alloc>&)
     operator==(const vector<_Tp, _Alloc>& __x, const vector<_Tp, _Alloc>& __y)
     ^
/usr/include/c++/4.9/bits/stl_vector.h:1511:5: note:   template argument deduction/substitution failed:
solution.cpp:70:44: note:   'TreeNode' is not derived from 'const std::vector<_Tp, _Alloc>'
                         if (tmp == parent->left)
                                            ^
In file included from /usr/include/c++/4.9/deque:64:0,
                 from solution.cpp:32:
/usr/include/c++/4.9/bits/stl_deque.h:251:5: note: template<class _Tp, class _Ref, class _Ptr> bool std::operator==(const std::_Deque_iterator<_Tp, _Ref, _Ptr>&, const std::_Deque_iterator<_Tp, _Ref, _Ptr>&)
     operator==(const _Deque_iterator<_Tp, _Ref, _Ptr>& __x,
     ^
/usr/include/c++/4.9/bits/stl_deque.h:251:5: note:   template argument deduction/substitution failed:
solution.cpp:70:44: note:   'TreeNode' is not derived from 'const std::_Deque_iterator<_Tp, _Ref, _Ptr>'
                         if (tmp == parent->left)
                                            ^
In file included from /usr/include/c++/4.9/deque:64:0,
                 from solution.cpp:32:
/usr/include/c++/4.9/bits/stl_deque.h:258:5: note: template<class _Tp, class _RefL, class _PtrL, class _RefR, class _PtrR> bool std::operator==(const std::_Deque_iterator<_Tp, _Ref, _Ptr>&, const std::_Deque_iterator<_Tp, _RefR, _PtrR>&)
     operator==(const _Deque_iterator<_Tp, _RefL, _PtrL>& __x,
     ^
/usr/include/c++/4.9/bits/stl_deque.h:258:5: note:   template argument deduction/substitution failed:
solution.cpp:70:44: note:   'TreeNode' is not derived from 'const std::_Deque_iterator<_Tp, _Ref, _Ptr>'
                         if (tmp == parent->left)
                                            ^
In file included from /usr/include/c++/4.9/deque:64:0,
                 from solution.cpp:32:
/usr/include/c++/4.9/bits/stl_deque.h:2029:5: note: template<class _Tp, class _Alloc> bool std::operator==(const std::deque<_Tp, _Alloc>&, const std::deque<_Tp, _Alloc>&)
     operator==(const deque<_Tp, _Alloc>& __x,
     ^
/usr/include/c++/4.9/bits/stl_deque.h:2029:5: note:   template argument deduction/substitution failed:
solution.cpp:70:44: note:   'TreeNode' is not derived from 'const std::deque<_Tp, _Alloc>'
                         if (tmp == parent->left)
                                            ^
solution.cpp:80:37: error: 'leaft' was not declared in this scope
             if (leaf.size() == 1 && leaft.top() == root)
                                     ^
