f1: 70, f2: 92
78, 12, 52, 78, 72, 26, 59, 70, 72, 62, 79, 23, 73, 59, 92, 
59, 12, 52, 23, 62, 26, 59, 70, 72, 72, 79, 78, 73, 78, 92, 
f1: 6, f2: 44
66, 71, 86, 16, 57, 23, 31, 44, 49, 22, 53, 2, 23, 92, 6, 
2, 6, 23, 16, 22, 23, 31, 44, 49, 57, 53, 71, 86, 92, 66, 
f1: 7, f2: 55
10, 70, 70, 15, 48, 94, 93, 7, 64, 17, 22, 96, 41, 47, 55, 
7, 17, 47, 15, 48, 41, 22, 10, 55, 64, 93, 96, 94, 70, 70, 
f1: 29, f2: 60
33, 13, 78, 71, 29, 87, 46, 60, 84, 47, 34, 37, 50, 57, 29, 
13, 29, 29, 33, 57, 50, 46, 34, 37, 47, 60, 84, 87, 78, 71, 
f1: 80, f2: 81
8, 20, 52, 30, 87, 52, 24, 80, 12, 40, 98, 34, 36, 91, 81, 
8, 20, 52, 30, 36, 52, 24, 34, 12, 40, 80, 81, 87, 91, 98, 
f1: 30, f2: 94
43, 76, 46, 73, 47, 75, 61, 94, 87, 45, 41, 21, 82, 43, 30, 
21, 30, 46, 73, 47, 75, 61, 43, 87, 45, 41, 76, 82, 43, 94, 
f1: 9, f2: 11
64, 3, 50, 16, 33, 37, 20, 9, 70, 32, 50, 20, 18, 38, 11, 
3, 9, 11, 16, 33, 37, 20, 64, 70, 32, 50, 20, 18, 38, 50, 
f1: 68, f2: 69
51, 82, 87, 97, 55, 86, 24, 68, 32, 63, 13, 26, 36, 48, 69, 
51, 48, 36, 26, 55, 13, 24, 63, 32, 68, 69, 97, 87, 82, 86, 
f1: 0, f2: 60
67, 12, 25, 69, 80, 10, 59, 0, 20, 29, 85, 22, 49, 55, 60, 
0, 12, 25, 22, 55, 10, 59, 49, 20, 29, 60, 85, 67, 80, 69, 
f1: 81, f2: 84
12, 7, 94, 51, 56, 2, 37, 81, 70, 22, 96, 84, 48, 33, 84, 
12, 7, 33, 51, 56, 2, 37, 48, 70, 22, 81, 84, 84, 94, 96, 
f1: 21, f2: 80
17, 0, 96, 94, 69, 28, 5, 80, 80, 25, 9, 65, 47, 10, 21, 
17, 0, 5, 10, 9, 21, 28, 47, 65, 25, 69, 80, 80, 94, 96, 
f1: 15, f2: 99
59, 22, 80, 54, 25, 36, 56, 15, 69, 78, 37, 66, 14, 85, 99, 
14, 15, 80, 54, 25, 36, 56, 22, 69, 78, 37, 66, 59, 85, 99, 
f1: 25, f2: 54
98, 54, 51, 46, 49, 72, 74, 54, 53, 7, 31, 14, 24, 30, 25, 
7, 24, 14, 25, 49, 30, 51, 31, 53, 46, 54, 54, 74, 72, 98, 
f1: 14, f2: 51
45, 89, 99, 77, 95, 25, 66, 51, 40, 35, 82, 29, 53, 96, 14, 
14, 45, 29, 35, 40, 25, 51, 66, 95, 77, 82, 99, 53, 96, 89, 
f1: 36, f2: 68
4, 95, 68, 55, 93, 69, 80, 68, 23, 33, 27, 6, 47, 51, 36, 
4, 23, 6, 27, 33, 36, 51, 55, 47, 68, 68, 93, 69, 80, 95, 
f1: 7, f2: 92
24, 49, 78, 24, 26, 73, 1, 92, 77, 93, 80, 59, 22, 33, 7, 
1, 7, 78, 24, 26, 73, 49, 33, 77, 24, 80, 59, 22, 92, 93, 
f1: 25, f2: 46
36, 90, 2, 56, 45, 96, 26, 25, 16, 1, 10, 95, 8, 58, 46, 
8, 10, 2, 1, 16, 25, 26, 36, 45, 46, 90, 95, 56, 58, 96, 
f1: 11, f2: 84
96, 34, 95, 74, 58, 22, 0, 11, 66, 77, 56, 98, 36, 78, 84, 
0, 11, 36, 74, 58, 22, 34, 78, 66, 77, 56, 84, 98, 96, 95, 
f1: 1, f2: 17
43, 66, 74, 98, 75, 19, 46, 1, 97, 14, 54, 7, 9, 14, 17, 
1, 14, 14, 9, 7, 17, 46, 43, 97, 19, 54, 75, 98, 74, 66, 
f1: 37, f2: 61
7, 11, 52, 3, 37, 62, 25, 37, 26, 43, 66, 82, 42, 54, 61, 
7, 11, 26, 3, 25, 37, 37, 42, 52, 43, 54, 61, 82, 66, 62, 
f1: 28, f2: 46
26, 50, 79, 0, 48, 54, 71, 46, 7, 20, 12, 62, 80, 73, 28, 
26, 7, 12, 0, 20, 28, 46, 71, 54, 48, 79, 62, 80, 73, 50, 
f1: 39, f2: 60
97, 80, 39, 1, 83, 29, 16, 60, 18, 42, 56, 85, 24, 98, 39, 
16, 24, 29, 1, 18, 39, 39, 42, 56, 60, 83, 85, 80, 98, 97, 
f1: 72, f2: 99
37, 76, 89, 17, 28, 89, 23, 99, 35, 31, 72, 99, 45, 52, 72, 
37, 31, 52, 17, 28, 45, 23, 35, 72, 72, 76, 89, 89, 99, 99, 
f1: 55, f2: 71
73, 1, 53, 65, 55, 88, 46, 71, 49, 64, 13, 5, 49, 89, 55, 
49, 1, 53, 49, 13, 5, 46, 55, 55, 64, 65, 71, 88, 89, 73, 
f1: 19, f2: 86
41, 27, 31, 30, 96, 59, 72, 19, 10, 7, 2, 82, 59, 99, 86, 
2, 7, 10, 19, 59, 59, 72, 30, 31, 27, 41, 82, 86, 99, 96, 
f1: 20, f2: 36
31, 73, 88, 36, 90, 43, 77, 36, 66, 78, 0, 31, 83, 2, 20, 
0, 2, 20, 31, 31, 36, 36, 77, 66, 78, 88, 43, 83, 73, 90, 
f1: 21, f2: 49
90, 95, 99, 73, 25, 95, 84, 49, 67, 94, 57, 21, 29, 68, 21, 
21, 21, 29, 25, 49, 95, 84, 73, 67, 94, 57, 95, 99, 68, 90, 
f1: 17, f2: 78
15, 51, 94, 55, 88, 36, 98, 17, 72, 64, 95, 24, 95, 30, 78, 
15, 17, 64, 55, 30, 36, 24, 51, 72, 78, 95, 98, 95, 88, 94, 
f1: 77, f2: 77
68, 20, 73, 67, 93, 51, 15, 77, 0, 34, 23, 9, 55, 4, 77, 
68, 20, 73, 67, 4, 51, 15, 55, 0, 34, 23, 9, 77, 77, 93, 
f1: 26, f2: 63
76, 20, 81, 70, 75, 69, 6, 26, 86, 30, 42, 33, 55, 90, 63, 
6, 20, 26, 30, 55, 33, 42, 63, 86, 76, 81, 69, 75, 90, 70, 
f1: 37, f2: 92
85, 58, 83, 59, 77, 28, 62, 92, 57, 62, 26, 32, 24, 82, 37, 
28, 24, 32, 26, 37, 77, 62, 85, 57, 62, 59, 83, 58, 82, 92, 
f1: 39, f2: 95
53, 58, 57, 34, 81, 84, 55, 39, 10, 93, 22, 53, 26, 29, 95, 
29, 26, 22, 34, 10, 39, 55, 84, 81, 93, 57, 53, 58, 53, 95, 
f1: 35, f2: 87
89, 14, 53, 72, 25, 30, 52, 87, 75, 9, 2, 53, 42, 78, 35, 
30, 14, 2, 9, 25, 35, 52, 78, 75, 72, 53, 53, 42, 87, 89, 
f1: 21, f2: 73
31, 31, 46, 88, 66, 79, 24, 21, 70, 35, 15, 44, 40, 41, 73, 
15, 21, 46, 40, 66, 41, 24, 31, 70, 35, 31, 44, 73, 79, 88, 
f1: 37, f2: 60
35, 83, 40, 40, 55, 65, 22, 60, 5, 49, 69, 59, 3, 63, 37, 
35, 22, 3, 5, 37, 40, 55, 59, 40, 49, 60, 69, 65, 63, 83, 
f1: 59, f2: 68
90, 94, 68, 36, 34, 86, 67, 59, 60, 90, 46, 75, 34, 38, 68, 
38, 34, 46, 36, 34, 59, 67, 60, 68, 68, 90, 75, 94, 90, 86, 
f1: 39, f2: 56
8, 25, 3, 0, 17, 59, 65, 39, 71, 22, 89, 92, 81, 92, 56, 
8, 25, 3, 0, 17, 22, 39, 56, 71, 59, 89, 92, 81, 92, 65, 
f1: 36, f2: 90
18, 82, 2, 39, 71, 89, 25, 90, 0, 37, 80, 46, 64, 15, 36, 
18, 25, 2, 15, 0, 36, 89, 82, 71, 37, 80, 46, 64, 39, 90, 
f1: 54, f2: 92
33, 75, 61, 36, 75, 30, 47, 92, 69, 18, 15, 10, 11, 48, 54, 
33, 18, 48, 36, 11, 30, 47, 10, 15, 54, 69, 75, 75, 61, 92, 
f1: 35, f2: 50
19, 19, 89, 73, 58, 60, 62, 35, 2, 62, 73, 83, 60, 37, 50, 
19, 19, 2, 35, 37, 50, 62, 73, 89, 62, 73, 83, 60, 60, 58, 
f1: 10, f2: 64
48, 22, 77, 61, 11, 4, 91, 10, 48, 13, 81, 63, 23, 44, 64, 
4, 10, 63, 61, 11, 22, 44, 48, 48, 13, 23, 64, 81, 91, 77, 
f1: 3, f2: 91
30, 15, 83, 19, 88, 41, 31, 3, 28, 33, 17, 53, 68, 30, 91, 
3, 15, 83, 19, 88, 41, 31, 30, 28, 33, 17, 53, 68, 30, 91, 
f1: 16, f2: 83
70, 78, 65, 99, 40, 28, 3, 83, 39, 52, 96, 72, 67, 72, 16, 
3, 16, 65, 70, 40, 28, 78, 67, 39, 52, 72, 72, 83, 96, 99, 
f1: 52, f2: 74
31, 2, 83, 66, 21, 71, 7, 52, 26, 88, 37, 44, 41, 6, 74, 
31, 2, 6, 41, 21, 44, 7, 37, 26, 52, 66, 71, 74, 83, 88, 
f1: 31, f2: 48
84, 76, 4, 2, 28, 96, 30, 31, 80, 21, 35, 76, 45, 55, 48, 
21, 30, 4, 2, 28, 31, 35, 45, 48, 84, 80, 76, 76, 55, 96, 
f1: 64, f2: 71
13, 38, 2, 96, 5, 23, 20, 64, 75, 46, 4, 65, 42, 46, 71, 
13, 38, 2, 46, 5, 23, 20, 4, 42, 46, 64, 65, 71, 96, 75, 
f1: 5, f2: 67
68, 82, 99, 73, 84, 27, 21, 67, 11, 1, 88, 98, 30, 34, 5, 
1, 5, 34, 30, 11, 27, 21, 67, 84, 82, 88, 98, 73, 99, 68, 
f1: 16, f2: 68
30, 47, 44, 33, 96, 1, 56, 16, 17, 84, 62, 22, 49, 57, 68, 
1, 16, 44, 33, 49, 47, 56, 30, 17, 57, 62, 22, 68, 84, 96, 
f1: 28, f2: 72
72, 25, 50, 23, 50, 87, 51, 72, 54, 14, 25, 94, 12, 55, 28, 
14, 25, 12, 23, 25, 28, 51, 50, 54, 55, 50, 72, 72, 94, 87, 
f1: 63, f2: 79
18, 86, 28, 14, 71, 24, 67, 79, 92, 84, 15, 54, 6, 16, 63, 
18, 15, 28, 14, 16, 24, 6, 54, 63, 71, 67, 79, 92, 84, 86, 
f1: 15, f2: 96
26, 88, 89, 29, 12, 91, 16, 15, 15, 22, 29, 41, 16, 93, 96, 
12, 15, 15, 29, 89, 91, 16, 88, 26, 22, 29, 41, 16, 93, 96, 
f1: 69, f2: 96
97, 63, 34, 77, 77, 5, 53, 96, 85, 45, 81, 52, 99, 87, 69, 
53, 63, 34, 52, 45, 5, 69, 87, 85, 77, 81, 77, 96, 99, 97, 
f1: 11, f2: 63
15, 14, 57, 56, 95, 21, 47, 11, 88, 63, 85, 17, 4, 1, 63, 
1, 4, 11, 56, 17, 21, 47, 57, 15, 14, 63, 63, 85, 88, 95, 
f1: 73, f2: 80
52, 50, 26, 87, 27, 56, 44, 80, 52, 81, 25, 85, 34, 77, 73, 
52, 50, 26, 25, 27, 56, 44, 34, 52, 73, 77, 80, 85, 81, 87, 
f1: 47, f2: 87
3, 92, 39, 12, 0, 86, 86, 47, 97, 74, 62, 34, 44, 18, 87, 
3, 18, 39, 12, 0, 44, 34, 47, 86, 74, 62, 86, 87, 92, 97, 
f1: 4, f2: 6
7, 71, 38, 85, 10, 17, 93, 6, 98, 98, 88, 75, 83, 74, 4, 
4, 6, 38, 85, 10, 17, 93, 71, 98, 98, 88, 75, 83, 74, 7, 
f1: 27, f2: 81
8, 77, 48, 99, 41, 48, 85, 27, 48, 34, 54, 62, 68, 98, 81, 
8, 27, 48, 62, 41, 48, 68, 77, 48, 34, 54, 81, 85, 98, 99, 
f1: 86, f2: 88
56, 57, 4, 94, 94, 66, 11, 88, 72, 61, 38, 12, 89, 21, 86, 
56, 57, 4, 38, 21, 66, 11, 12, 72, 61, 86, 88, 89, 94, 94, 
f1: 67, f2: 88
93, 82, 15, 42, 81, 57, 90, 67, 36, 90, 1, 90, 53, 70, 88, 
53, 1, 15, 42, 36, 57, 67, 82, 81, 70, 88, 90, 93, 90, 90, 
f1: 87, f2: 91
86, 78, 45, 90, 24, 40, 8, 87, 80, 80, 49, 18, 45, 90, 91, 
86, 78, 45, 45, 24, 40, 8, 18, 80, 80, 49, 87, 90, 90, 91, 
f1: 68, f2: 97
31, 83, 73, 47, 77, 55, 4, 68, 74, 40, 10, 75, 31, 63, 97, 
31, 63, 31, 47, 10, 55, 4, 40, 68, 74, 77, 75, 73, 83, 97, 
f1: 30, f2: 51
71, 49, 75, 69, 91, 51, 61, 51, 39, 41, 84, 40, 11, 29, 30, 
11, 29, 30, 49, 40, 39, 41, 51, 51, 61, 84, 91, 75, 69, 71, 
f1: 37, f2: 63
54, 60, 13, 80, 7, 91, 35, 63, 11, 61, 56, 73, 36, 39, 37, 
35, 36, 13, 11, 7, 37, 54, 60, 39, 61, 56, 63, 73, 80, 91, 
f1: 92, f2: 98
86, 10, 38, 13, 31, 82, 65, 92, 85, 56, 85, 69, 96, 48, 98, 
86, 10, 38, 13, 31, 82, 65, 48, 85, 56, 85, 69, 92, 96, 98, 
f1: 70, f2: 81
26, 3, 11, 91, 83, 70, 34, 70, 34, 97, 31, 42, 71, 19, 81, 
26, 3, 11, 19, 42, 31, 34, 34, 70, 70, 71, 81, 83, 91, 97, 
f1: 53, f2: 88
60, 57, 43, 50, 71, 75, 84, 88, 67, 70, 44, 53, 91, 92, 53, 
44, 50, 43, 53, 53, 75, 84, 60, 67, 70, 71, 57, 88, 92, 91, 
f1: 16, f2: 48
42, 70, 56, 5, 13, 91, 75, 48, 61, 61, 97, 44, 3, 20, 16, 
5, 3, 13, 16, 42, 20, 44, 48, 61, 61, 97, 75, 70, 91, 56, 
f1: 19, f2: 24
84, 32, 73, 28, 83, 96, 55, 19, 84, 22, 41, 80, 27, 85, 24, 
19, 22, 24, 28, 83, 96, 55, 84, 84, 73, 41, 80, 27, 85, 32, 
f1: 26, f2: 59
81, 27, 94, 89, 32, 8, 81, 59, 8, 94, 21, 5, 91, 24, 26, 
8, 24, 5, 21, 8, 26, 27, 32, 59, 94, 89, 94, 91, 81, 81, 
f1: 91, f2: 96
7, 61, 58, 80, 41, 93, 29, 96, 65, 65, 70, 6, 46, 50, 91, 
7, 61, 58, 80, 41, 46, 29, 50, 65, 65, 70, 6, 91, 93, 96, 
f1: 11, f2: 57
70, 83, 70, 17, 24, 54, 25, 57, 14, 33, 52, 35, 90, 95, 11, 
11, 35, 52, 17, 24, 54, 25, 33, 14, 57, 70, 83, 90, 95, 70, 
f1: 63, f2: 86
16, 2, 24, 27, 34, 65, 72, 63, 13, 37, 29, 36, 96, 27, 86, 
16, 2, 24, 27, 34, 27, 36, 29, 13, 37, 63, 72, 65, 86, 96, 
f1: 2, f2: 43
39, 49, 21, 62, 66, 45, 16, 43, 3, 82, 28, 7, 69, 19, 2, 
2, 39, 21, 19, 7, 28, 16, 3, 43, 82, 45, 66, 69, 62, 49, 
f1: 14, f2: 39
33, 87, 56, 57, 66, 90, 75, 39, 6, 40, 28, 35, 76, 76, 14, 
6, 14, 33, 35, 28, 39, 75, 90, 87, 40, 66, 57, 76, 76, 56, 
f1: 25, f2: 46
14, 16, 15, 35, 78, 82, 33, 46, 77, 88, 81, 6, 95, 50, 25, 
14, 16, 15, 6, 25, 35, 33, 46, 77, 88, 81, 78, 95, 50, 82, 
f1: 27, f2: 68
49, 83, 64, 5, 41, 31, 47, 68, 22, 53, 8, 50, 40, 85, 27, 
5, 8, 22, 27, 41, 31, 47, 40, 64, 53, 49, 50, 68, 85, 83, 
f1: 55, f2: 72
6, 51, 95, 22, 39, 25, 56, 72, 23, 33, 12, 4, 91, 59, 55, 
6, 51, 33, 22, 39, 25, 4, 12, 23, 55, 59, 56, 72, 91, 95, 
f1: 12, f2: 97
68, 8, 38, 33, 65, 31, 64, 12, 51, 38, 18, 60, 88, 10, 97, 
10, 8, 12, 33, 65, 31, 64, 38, 51, 38, 18, 60, 88, 68, 97, 
f1: 34, f2: 95
67, 17, 48, 62, 39, 87, 39, 95, 11, 63, 80, 75, 67, 72, 34, 
11, 17, 34, 62, 39, 87, 39, 67, 48, 63, 80, 75, 67, 72, 95, 
f1: 4, f2: 89
74, 40, 94, 65, 73, 59, 48, 89, 24, 0, 27, 42, 60, 68, 4, 
0, 4, 74, 65, 73, 59, 48, 68, 24, 40, 27, 42, 60, 89, 94, 
f1: 12, f2: 41
57, 35, 21, 57, 50, 60, 97, 41, 7, 60, 4, 88, 36, 24, 12, 
7, 4, 12, 24, 36, 35, 21, 41, 97, 60, 60, 88, 50, 57, 57, 
f1: 12, f2: 67
22, 98, 52, 17, 63, 78, 76, 12, 19, 52, 64, 47, 46, 24, 67, 
12, 47, 52, 17, 63, 24, 46, 22, 19, 52, 64, 67, 76, 78, 98, 
f1: 26, f2: 39
51, 33, 54, 72, 42, 4, 85, 39, 46, 44, 52, 2, 84, 88, 26, 
4, 2, 26, 33, 39, 54, 85, 42, 46, 44, 52, 72, 84, 88, 51, 
f1: 44, f2: 56
96, 10, 25, 1, 27, 40, 79, 56, 4, 98, 8, 68, 97, 7, 44, 
4, 10, 25, 1, 27, 40, 7, 8, 44, 56, 98, 68, 97, 79, 96, 
f1: 3, f2: 67
64, 58, 77, 71, 30, 20, 75, 67, 11, 73, 12, 63, 76, 96, 3, 
3, 58, 64, 63, 30, 20, 12, 11, 67, 73, 75, 71, 76, 96, 77, 
f1: 25, f2: 69
54, 93, 66, 31, 94, 45, 72, 25, 53, 28, 75, 62, 97, 25, 69, 
25, 25, 66, 31, 28, 45, 54, 62, 53, 69, 75, 93, 97, 72, 94, 
f1: 88, f2: 89
93, 41, 79, 71, 12, 61, 43, 88, 29, 6, 13, 41, 22, 89, 89, 
22, 41, 79, 71, 12, 61, 43, 41, 29, 6, 13, 88, 89, 89, 93, 
f1: 58, f2: 99
25, 44, 34, 43, 75, 28, 89, 99, 5, 42, 28, 81, 56, 77, 58, 
25, 44, 34, 43, 42, 28, 56, 28, 5, 58, 75, 81, 89, 77, 99, 
f1: 7, f2: 88
77, 70, 99, 56, 93, 12, 18, 88, 52, 47, 95, 65, 40, 17, 7, 
7, 70, 77, 56, 17, 12, 18, 65, 52, 47, 40, 88, 95, 93, 99, 
f1: 27, f2: 39
29, 94, 3, 64, 38, 30, 44, 27, 30, 2, 69, 10, 35, 78, 39, 
10, 2, 3, 27, 38, 30, 29, 35, 30, 39, 69, 94, 64, 78, 44, 
f1: 7, f2: 82
93, 55, 61, 92, 12, 55, 4, 82, 95, 56, 81, 90, 22, 21, 7, 
4, 7, 61, 21, 12, 55, 55, 81, 22, 56, 82, 90, 95, 92, 93, 
f1: 15, f2: 18
81, 2, 2, 84, 18, 40, 14, 15, 19, 96, 17, 40, 58, 52, 18, 
14, 2, 2, 15, 17, 18, 18, 81, 19, 96, 84, 40, 58, 52, 40, 
f1: 46, f2: 74
97, 97, 74, 11, 89, 38, 66, 46, 20, 61, 2, 1, 4, 76, 74, 
4, 1, 2, 11, 20, 38, 46, 66, 61, 74, 74, 97, 97, 76, 89, 
f1: 35, f2: 60
63, 57, 76, 17, 93, 47, 9, 60, 62, 28, 56, 31, 69, 15, 35, 
9, 15, 31, 17, 28, 35, 47, 56, 57, 60, 93, 76, 69, 62, 63, 
f1: 50, f2: 93
39, 64, 32, 13, 75, 21, 3, 93, 67, 75, 7, 22, 28, 11, 50, 
39, 7, 32, 13, 11, 21, 3, 28, 22, 50, 75, 67, 64, 75, 93, 
f1: 37, f2: 53
2, 26, 60, 31, 44, 53, 30, 53, 13, 92, 34, 22, 75, 55, 37, 
2, 26, 13, 31, 22, 34, 30, 37, 44, 53, 53, 92, 75, 55, 60, 
f1: 63, f2: 96
10, 94, 53, 42, 60, 81, 15, 63, 74, 35, 39, 33, 57, 19, 96, 
10, 19, 53, 42, 60, 57, 15, 39, 33, 35, 63, 74, 81, 94, 96, 
f1: 13, f2: 35
59, 22, 23, 19, 5, 19, 25, 35, 72, 38, 79, 58, 60, 54, 13, 
5, 13, 23, 19, 22, 19, 25, 35, 72, 38, 79, 58, 60, 54, 59, 
f1: 42, f2: 73
49, 64, 8, 55, 58, 68, 36, 73, 31, 62, 60, 22, 48, 69, 42, 
36, 22, 8, 31, 42, 68, 58, 49, 55, 62, 60, 64, 48, 69, 73, 
f1: 73, f2: 93
44, 29, 16, 19, 48, 21, 38, 73, 8, 63, 64, 87, 21, 76, 93, 
44, 29, 16, 19, 48, 21, 38, 21, 8, 63, 64, 73, 87, 76, 93, 
